Analysis & Synthesis report for DE1_SoC
Fri Feb 23 19:18:44 2024
Quartus Prime Version 17.0.0 Build 595 04/25/2017 SJ Lite Edition


---------------------
; Table of Contents ;
---------------------
  1. Legal Notice
  2. Analysis & Synthesis Summary
  3. Analysis & Synthesis Settings
  4. Parallel Compilation
  5. Analysis & Synthesis Source Files Read
  6. Analysis & Synthesis Resource Usage Summary
  7. Analysis & Synthesis Resource Utilization by Entity
  8. Registers Removed During Synthesis
  9. General Register Statistics
 10. Multiplexer Restructuring Statistics (Restructuring Performed)
 11. Parameter Settings for User Entity Instance: Top-level Entity: |DE1_SoC
 12. Port Connectivity Checks: "normalLight:nine"
 13. Port Connectivity Checks: "normalLight:one"
 14. Port Connectivity Checks: "computerButton:comp|comparator:computer"
 15. Port Connectivity Checks: "clock_divider:cdiv"
 16. Post-Synthesis Netlist Statistics for Top Partition
 17. Elapsed Time Per Partition
 18. Analysis & Synthesis Messages
 19. Analysis & Synthesis Suppressed Messages



----------------
; Legal Notice ;
----------------
Copyright (C) 2017  Intel Corporation. All rights reserved.
Your use of Intel Corporation's design tools, logic functions 
and other software and tools, and its AMPP partner logic 
functions, and any output files from any of the foregoing 
(including device programming or simulation files), and any 
associated documentation or information are expressly subject 
to the terms and conditions of the Intel Program License 
Subscription Agreement, the Intel Quartus Prime License Agreement,
the Intel MegaCore Function License Agreement, or other 
applicable license agreement, including, without limitation, 
that your use is for the sole purpose of programming logic 
devices manufactured by Intel and sold by Intel or its 
authorized distributors.  Please refer to the applicable 
agreement for further details.



+-------------------------------------------------------------------------------+
; Analysis & Synthesis Summary                                                  ;
+---------------------------------+---------------------------------------------+
; Analysis & Synthesis Status     ; Successful - Fri Feb 23 19:18:44 2024       ;
; Quartus Prime Version           ; 17.0.0 Build 595 04/25/2017 SJ Lite Edition ;
; Revision Name                   ; DE1_SoC                                     ;
; Top-level Entity Name           ; DE1_SoC                                     ;
; Family                          ; Cyclone V                                   ;
; Logic utilization (in ALMs)     ; N/A                                         ;
; Total registers                 ; 35                                          ;
; Total pins                      ; 67                                          ;
; Total virtual pins              ; 0                                           ;
; Total block memory bits         ; 0                                           ;
; Total DSP Blocks                ; 0                                           ;
; Total HSSI RX PCSs              ; 0                                           ;
; Total HSSI PMA RX Deserializers ; 0                                           ;
; Total HSSI TX PCSs              ; 0                                           ;
; Total HSSI PMA TX Serializers   ; 0                                           ;
; Total PLLs                      ; 0                                           ;
; Total DLLs                      ; 0                                           ;
+---------------------------------+---------------------------------------------+


+---------------------------------------------------------------------------------------------------------------------------+
; Analysis & Synthesis Settings                                                                                             ;
+---------------------------------------------------------------------------------+--------------------+--------------------+
; Option                                                                          ; Setting            ; Default Value      ;
+---------------------------------------------------------------------------------+--------------------+--------------------+
; Device                                                                          ; 5CSEMA5F31C6       ;                    ;
; Top-level entity name                                                           ; DE1_SoC            ; DE1_SoC            ;
; Family name                                                                     ; Cyclone V          ; Cyclone V          ;
; State Machine Processing                                                        ; User-Encoded       ; Auto               ;
; Use smart compilation                                                           ; Off                ; Off                ;
; Enable parallel Assembler and TimeQuest Timing Analyzer during compilation      ; On                 ; On                 ;
; Enable compact report table                                                     ; Off                ; Off                ;
; Restructure Multiplexers                                                        ; Auto               ; Auto               ;
; MLAB Add Timing Constraints For Mixed-Port Feed-Through Mode Setting Don't Care ; Off                ; Off                ;
; Create Debugging Nodes for IP Cores                                             ; Off                ; Off                ;
; Preserve fewer node names                                                       ; On                 ; On                 ;
; OpenCore Plus hardware evaluation                                               ; Enable             ; Enable             ;
; Verilog Version                                                                 ; Verilog_2001       ; Verilog_2001       ;
; VHDL Version                                                                    ; VHDL_1993          ; VHDL_1993          ;
; Safe State Machine                                                              ; Off                ; Off                ;
; Extract Verilog State Machines                                                  ; On                 ; On                 ;
; Extract VHDL State Machines                                                     ; On                 ; On                 ;
; Ignore Verilog initial constructs                                               ; Off                ; Off                ;
; Iteration limit for constant Verilog loops                                      ; 5000               ; 5000               ;
; Iteration limit for non-constant Verilog loops                                  ; 250                ; 250                ;
; Add Pass-Through Logic to Inferred RAMs                                         ; On                 ; On                 ;
; Infer RAMs from Raw Logic                                                       ; On                 ; On                 ;
; Parallel Synthesis                                                              ; On                 ; On                 ;
; DSP Block Balancing                                                             ; Auto               ; Auto               ;
; NOT Gate Push-Back                                                              ; On                 ; On                 ;
; Power-Up Don't Care                                                             ; On                 ; On                 ;
; Remove Redundant Logic Cells                                                    ; Off                ; Off                ;
; Remove Duplicate Registers                                                      ; On                 ; On                 ;
; Ignore CARRY Buffers                                                            ; Off                ; Off                ;
; Ignore CASCADE Buffers                                                          ; Off                ; Off                ;
; Ignore GLOBAL Buffers                                                           ; Off                ; Off                ;
; Ignore ROW GLOBAL Buffers                                                       ; Off                ; Off                ;
; Ignore LCELL Buffers                                                            ; Off                ; Off                ;
; Ignore SOFT Buffers                                                             ; On                 ; On                 ;
; Limit AHDL Integers to 32 Bits                                                  ; Off                ; Off                ;
; Optimization Technique                                                          ; Balanced           ; Balanced           ;
; Carry Chain Length                                                              ; 70                 ; 70                 ;
; Auto Carry Chains                                                               ; On                 ; On                 ;
; Auto Open-Drain Pins                                                            ; On                 ; On                 ;
; Perform WYSIWYG Primitive Resynthesis                                           ; Off                ; Off                ;
; Auto ROM Replacement                                                            ; On                 ; On                 ;
; Auto RAM Replacement                                                            ; On                 ; On                 ;
; Auto DSP Block Replacement                                                      ; On                 ; On                 ;
; Auto Shift Register Replacement                                                 ; Auto               ; Auto               ;
; Allow Shift Register Merging across Hierarchies                                 ; Auto               ; Auto               ;
; Auto Clock Enable Replacement                                                   ; On                 ; On                 ;
; Strict RAM Replacement                                                          ; Off                ; Off                ;
; Allow Synchronous Control Signals                                               ; On                 ; On                 ;
; Force Use of Synchronous Clear Signals                                          ; Off                ; Off                ;
; Auto Resource Sharing                                                           ; Off                ; Off                ;
; Allow Any RAM Size For Recognition                                              ; Off                ; Off                ;
; Allow Any ROM Size For Recognition                                              ; Off                ; Off                ;
; Allow Any Shift Register Size For Recognition                                   ; Off                ; Off                ;
; Use LogicLock Constraints during Resource Balancing                             ; On                 ; On                 ;
; Ignore translate_off and synthesis_off directives                               ; Off                ; Off                ;
; Timing-Driven Synthesis                                                         ; On                 ; On                 ;
; Report Parameter Settings                                                       ; On                 ; On                 ;
; Report Source Assignments                                                       ; On                 ; On                 ;
; Report Connectivity Checks                                                      ; On                 ; On                 ;
; Ignore Maximum Fan-Out Assignments                                              ; Off                ; Off                ;
; Synchronization Register Chain Length                                           ; 3                  ; 3                  ;
; PowerPlay Power Optimization During Synthesis                                   ; Normal compilation ; Normal compilation ;
; HDL message level                                                               ; Level2             ; Level2             ;
; Suppress Register Optimization Related Messages                                 ; Off                ; Off                ;
; Number of Removed Registers Reported in Synthesis Report                        ; 5000               ; 5000               ;
; Number of Swept Nodes Reported in Synthesis Report                              ; 5000               ; 5000               ;
; Number of Inverted Registers Reported in Synthesis Report                       ; 100                ; 100                ;
; Clock MUX Protection                                                            ; On                 ; On                 ;
; Auto Gated Clock Conversion                                                     ; Off                ; Off                ;
; Block Design Naming                                                             ; Auto               ; Auto               ;
; SDC constraint protection                                                       ; Off                ; Off                ;
; Synthesis Effort                                                                ; Auto               ; Auto               ;
; Shift Register Replacement - Allow Asynchronous Clear Signal                    ; On                 ; On                 ;
; Pre-Mapping Resynthesis Optimization                                            ; Off                ; Off                ;
; Analysis & Synthesis Message Level                                              ; Medium             ; Medium             ;
; Disable Register Merging Across Hierarchies                                     ; Auto               ; Auto               ;
; Resource Aware Inference For Block RAM                                          ; On                 ; On                 ;
; Automatic Parallel Synthesis                                                    ; On                 ; On                 ;
; Partial Reconfiguration Bitstream ID                                            ; Off                ; Off                ;
+---------------------------------------------------------------------------------+--------------------+--------------------+


+------------------------------------------+
; Parallel Compilation                     ;
+----------------------------+-------------+
; Processors                 ; Number      ;
+----------------------------+-------------+
; Number detected on machine ; 32          ;
; Maximum allowed            ; 16          ;
;                            ;             ;
; Average used               ; 1.00        ;
; Maximum used               ; 16          ;
;                            ;             ;
; Usage by Processor         ; % Time Used ;
;     Processor 1            ; 100.0%      ;
;     Processors 2-16        ;   0.0%      ;
+----------------------------+-------------+


+----------------------------------------------------------------------------------------------------------------------------------------------------------+
; Analysis & Synthesis Source Files Read                                                                                                                   ;
+----------------------------------+-----------------+------------------------------+------------------------------------------------------------+---------+
; File Name with User-Entered Path ; Used in Netlist ; File Type                    ; File Name with Absolute Path                               ; Library ;
+----------------------------------+-----------------+------------------------------+------------------------------------------------------------+---------+
; DE1_SoC.sv                       ; yes             ; User SystemVerilog HDL File  ; D:/EE271/ee271labs/lab5/lab1starterfiles/DE1_SoC.sv        ;         ;
; centerLight.sv                   ; yes             ; User SystemVerilog HDL File  ; D:/EE271/ee271labs/lab5/lab1starterfiles/centerLight.sv    ;         ;
; normalLight.sv                   ; yes             ; User SystemVerilog HDL File  ; D:/EE271/ee271labs/lab5/lab1starterfiles/normalLight.sv    ;         ;
; victory.sv                       ; yes             ; User SystemVerilog HDL File  ; D:/EE271/ee271labs/lab5/lab1starterfiles/victory.sv        ;         ;
; DFlipFlop2.sv                    ; yes             ; User SystemVerilog HDL File  ; D:/EE271/ee271labs/lab5/lab1starterfiles/DFlipFlop2.sv     ;         ;
; player.sv                        ; yes             ; User SystemVerilog HDL File  ; D:/EE271/ee271labs/lab5/lab1starterfiles/player.sv         ;         ;
; tenBitLFSR.sv                    ; yes             ; User SystemVerilog HDL File  ; D:/EE271/ee271labs/lab5/lab1starterfiles/tenBitLFSR.sv     ;         ;
; comparator.sv                    ; yes             ; User SystemVerilog HDL File  ; D:/EE271/ee271labs/lab5/lab1starterfiles/comparator.sv     ;         ;
; clock_divider.sv                 ; yes             ; User SystemVerilog HDL File  ; D:/EE271/ee271labs/lab5/lab1starterfiles/clock_divider.sv  ;         ;
; computerButton.sv                ; yes             ; User SystemVerilog HDL File  ; D:/EE271/ee271labs/lab5/lab1starterfiles/computerButton.sv ;         ;
+----------------------------------+-----------------+------------------------------+------------------------------------------------------------+---------+


+--------------------------------------------------------------+
; Analysis & Synthesis Resource Usage Summary                  ;
+---------------------------------------------+----------------+
; Resource                                    ; Usage          ;
+---------------------------------------------+----------------+
; Estimate of Logic utilization (ALMs needed) ; 41             ;
;                                             ;                ;
; Combinational ALUT usage for logic          ; 65             ;
;     -- 7 input functions                    ; 0              ;
;     -- 6 input functions                    ; 14             ;
;     -- 5 input functions                    ; 25             ;
;     -- 4 input functions                    ; 4              ;
;     -- <=3 input functions                  ; 22             ;
;                                             ;                ;
; Dedicated logic registers                   ; 35             ;
;                                             ;                ;
; I/O pins                                    ; 67             ;
;                                             ;                ;
; Total DSP Blocks                            ; 0              ;
;                                             ;                ;
; Maximum fan-out node                        ; CLOCK_50~input ;
; Maximum fan-out                             ; 35             ;
; Total fan-out                               ; 456            ;
; Average fan-out                             ; 1.95           ;
+---------------------------------------------+----------------+


+-------------------------------------------------------------------------------------------------------------------------------------------------------------------------------------------------------------------------+
; Analysis & Synthesis Resource Utilization by Entity                                                                                                                                                                     ;
+-----------------------------+---------------------+---------------------------+-------------------+------------+------+--------------+--------------------------------------------------+----------------+--------------+
; Compilation Hierarchy Node  ; Combinational ALUTs ; Dedicated Logic Registers ; Block Memory Bits ; DSP Blocks ; Pins ; Virtual Pins ; Full Hierarchy Name                              ; Entity Name    ; Library Name ;
+-----------------------------+---------------------+---------------------------+-------------------+------------+------+--------------+--------------------------------------------------+----------------+--------------+
; |DE1_SoC                    ; 65 (1)              ; 35 (0)                    ; 0                 ; 0          ; 67   ; 0            ; |DE1_SoC                                         ; DE1_SoC        ; work         ;
;    |DFlipFlop2:Button0|     ; 0 (0)               ; 2 (2)                     ; 0                 ; 0          ; 0    ; 0            ; |DE1_SoC|DFlipFlop2:Button0                      ; DFlipFlop2     ; work         ;
;    |DFlipFlop2:Button1|     ; 0 (0)               ; 2 (2)                     ; 0                 ; 0          ; 0    ; 0            ; |DE1_SoC|DFlipFlop2:Button1                      ; DFlipFlop2     ; work         ;
;    |centerLight:five|       ; 2 (2)               ; 1 (1)                     ; 0                 ; 0          ; 0    ; 0            ; |DE1_SoC|centerLight:five                        ; centerLight    ; work         ;
;    |computerButton:comp|    ; 7 (0)               ; 1 (0)                     ; 0                 ; 0          ; 0    ; 0            ; |DE1_SoC|computerButton:comp                     ; computerButton ; work         ;
;       |comparator:computer| ; 7 (7)               ; 1 (1)                     ; 0                 ; 0          ; 0    ; 0            ; |DE1_SoC|computerButton:comp|comparator:computer ; comparator     ; work         ;
;    |normalLight:eight|      ; 3 (3)               ; 1 (1)                     ; 0                 ; 0          ; 0    ; 0            ; |DE1_SoC|normalLight:eight                       ; normalLight    ; work         ;
;    |normalLight:four|       ; 3 (3)               ; 1 (1)                     ; 0                 ; 0          ; 0    ; 0            ; |DE1_SoC|normalLight:four                        ; normalLight    ; work         ;
;    |normalLight:nine|       ; 2 (2)               ; 1 (1)                     ; 0                 ; 0          ; 0    ; 0            ; |DE1_SoC|normalLight:nine                        ; normalLight    ; work         ;
;    |normalLight:one|        ; 3 (3)               ; 1 (1)                     ; 0                 ; 0          ; 0    ; 0            ; |DE1_SoC|normalLight:one                         ; normalLight    ; work         ;
;    |normalLight:seven|      ; 3 (3)               ; 1 (1)                     ; 0                 ; 0          ; 0    ; 0            ; |DE1_SoC|normalLight:seven                       ; normalLight    ; work         ;
;    |normalLight:six|        ; 3 (3)               ; 1 (1)                     ; 0                 ; 0          ; 0    ; 0            ; |DE1_SoC|normalLight:six                         ; normalLight    ; work         ;
;    |normalLight:three|      ; 3 (3)               ; 1 (1)                     ; 0                 ; 0          ; 0    ; 0            ; |DE1_SoC|normalLight:three                       ; normalLight    ; work         ;
;    |normalLight:two|        ; 3 (3)               ; 1 (1)                     ; 0                 ; 0          ; 0    ; 0            ; |DE1_SoC|normalLight:two                         ; normalLight    ; work         ;
;    |player:computer|        ; 1 (1)               ; 1 (1)                     ; 0                 ; 0          ; 0    ; 0            ; |DE1_SoC|player:computer                         ; player         ; work         ;
;    |player:human|           ; 1 (1)               ; 1 (1)                     ; 0                 ; 0          ; 0    ; 0            ; |DE1_SoC|player:human                            ; player         ; work         ;
;    |tenBitLFSR:generator|   ; 1 (1)               ; 10 (10)                   ; 0                 ; 0          ; 0    ; 0            ; |DE1_SoC|tenBitLFSR:generator                    ; tenBitLFSR     ; work         ;
;    |victory:victor|         ; 29 (29)             ; 9 (9)                     ; 0                 ; 0          ; 0    ; 0            ; |DE1_SoC|victory:victor                          ; victory        ; work         ;
+-----------------------------+---------------------+---------------------------+-------------------+------------+------+--------------+--------------------------------------------------+----------------+--------------+
Note: For table entries with two numbers listed, the numbers in parentheses indicate the number of resources of the given type used by the specific entity alone. The numbers listed outside of parentheses indicate the total resources of the given type used by the specific entity and all of its sub-entities in the hierarchy.


+----------------------------------------------------------------------------------+
; Registers Removed During Synthesis                                               ;
+-----------------------------------------+----------------------------------------+
; Register name                           ; Reason for Removal                     ;
+-----------------------------------------+----------------------------------------+
; victory:victor|ps[2..31]                ; Stuck at GND due to stuck port data_in ;
; normalLight:nine|ps[1..31]              ; Stuck at GND due to stuck port data_in ;
; normalLight:eight|ps[1..31]             ; Stuck at GND due to stuck port data_in ;
; normalLight:seven|ps[1..31]             ; Stuck at GND due to stuck port data_in ;
; normalLight:six|ps[1..31]               ; Stuck at GND due to stuck port data_in ;
; centerLight:five|ps[1..31]              ; Stuck at GND due to stuck port data_in ;
; normalLight:four|ps[1..31]              ; Stuck at GND due to stuck port data_in ;
; normalLight:three|ps[1..31]             ; Stuck at GND due to stuck port data_in ;
; normalLight:two|ps[1..31]               ; Stuck at GND due to stuck port data_in ;
; normalLight:one|ps[1..31]               ; Stuck at GND due to stuck port data_in ;
; player:computer|ps[1..31]               ; Stuck at GND due to stuck port data_in ;
; player:human|ps[1..31]                  ; Stuck at GND due to stuck port data_in ;
; Total Number of Removed Registers = 371 ;                                        ;
+-----------------------------------------+----------------------------------------+


+------------------------------------------------------+
; General Register Statistics                          ;
+----------------------------------------------+-------+
; Statistic                                    ; Value ;
+----------------------------------------------+-------+
; Total registers                              ; 35    ;
; Number of registers using Synchronous Clear  ; 14    ;
; Number of registers using Synchronous Load   ; 0     ;
; Number of registers using Asynchronous Clear ; 0     ;
; Number of registers using Asynchronous Load  ; 0     ;
; Number of registers using Clock Enable       ; 0     ;
; Number of registers using Preset             ; 0     ;
+----------------------------------------------+-------+


+-------------------------------------------------------------------------------------------------------------------------------------------------+
; Multiplexer Restructuring Statistics (Restructuring Performed)                                                                                  ;
+--------------------+-----------+---------------+----------------------+------------------------+------------+-----------------------------------+
; Multiplexer Inputs ; Bus Width ; Baseline Area ; Area if Restructured ; Saving if Restructured ; Registered ; Example Multiplexer Output        ;
+--------------------+-----------+---------------+----------------------+------------------------+------------+-----------------------------------+
; 3:1                ; 2 bits    ; 4 LEs         ; 4 LEs                ; 0 LEs                  ; Yes        ; |DE1_SoC|victory:victor|ps[0]     ;
; 4:1                ; 3 bits    ; 6 LEs         ; 6 LEs                ; 0 LEs                  ; Yes        ; |DE1_SoC|victory:victor|P1Wins[1] ;
; 4:1                ; 3 bits    ; 6 LEs         ; 6 LEs                ; 0 LEs                  ; Yes        ; |DE1_SoC|victory:victor|P2Wins[2] ;
+--------------------+-----------+---------------+----------------------+------------------------+------------+-----------------------------------+


+-------------------------------------------------------------------------+
; Parameter Settings for User Entity Instance: Top-level Entity: |DE1_SoC ;
+----------------+-------+------------------------------------------------+
; Parameter Name ; Value ; Type                                           ;
+----------------+-------+------------------------------------------------+
; whichClock     ; 15    ; Signed Integer                                 ;
+----------------+-------+------------------------------------------------+
Note: In order to hide this table in the UI and the text report file, please set the "Show Parameter Settings in Synthesis Report" option in "Analysis and Synthesis Settings -> More Settings" to "Off".


+----------------------------------------------+
; Port Connectivity Checks: "normalLight:nine" ;
+------+-------+----------+--------------------+
; Port ; Type  ; Severity ; Details            ;
+------+-------+----------+--------------------+
; NL   ; Input ; Info     ; Stuck at GND       ;
+------+-------+----------+--------------------+


+---------------------------------------------+
; Port Connectivity Checks: "normalLight:one" ;
+------+-------+----------+-------------------+
; Port ; Type  ; Severity ; Details           ;
+------+-------+----------+-------------------+
; NR   ; Input ; Info     ; Stuck at GND      ;
+------+-------+----------+-------------------+


+---------------------------------------------------------------------+
; Port Connectivity Checks: "computerButton:comp|comparator:computer" ;
+------+-------+----------+-------------------------------------------+
; Port ; Type  ; Severity ; Details                                   ;
+------+-------+----------+-------------------------------------------+
; A[9] ; Input ; Info     ; Stuck at GND                              ;
+------+-------+----------+-------------------------------------------+


+--------------------------------------------------------------------------------------------------------------------------+
; Port Connectivity Checks: "clock_divider:cdiv"                                                                           ;
+----------------+--------+----------+-------------------------------------------------------------------------------------+
; Port           ; Type   ; Severity ; Details                                                                             ;
+----------------+--------+----------+-------------------------------------------------------------------------------------+
; divided_clocks ; Output ; Info     ; Connected to dangling logic. Logic that only feeds a dangling port will be removed. ;
+----------------+--------+----------+-------------------------------------------------------------------------------------+


+-----------------------------------------------------+
; Post-Synthesis Netlist Statistics for Top Partition ;
+-----------------------+-----------------------------+
; Type                  ; Count                       ;
+-----------------------+-----------------------------+
; arriav_ff             ; 35                          ;
;     SCLR              ; 14                          ;
;     plain             ; 21                          ;
; arriav_lcell_comb     ; 76                          ;
;     normal            ; 76                          ;
;         0 data inputs ; 2                           ;
;         1 data inputs ; 10                          ;
;         2 data inputs ; 7                           ;
;         3 data inputs ; 14                          ;
;         4 data inputs ; 4                           ;
;         5 data inputs ; 25                          ;
;         6 data inputs ; 14                          ;
; boundary_port         ; 67                          ;
;                       ;                             ;
; Max LUT depth         ; 3.00                        ;
; Average LUT depth     ; 1.75                        ;
+-----------------------+-----------------------------+


+-------------------------------+
; Elapsed Time Per Partition    ;
+----------------+--------------+
; Partition Name ; Elapsed Time ;
+----------------+--------------+
; Top            ; 00:00:00     ;
+----------------+--------------+


+-------------------------------+
; Analysis & Synthesis Messages ;
+-------------------------------+
Info: *******************************************************************
Info: Running Quartus Prime Analysis & Synthesis
    Info: Version 17.0.0 Build 595 04/25/2017 SJ Lite Edition
    Info: Processing started: Fri Feb 23 19:18:37 2024
Info: Command: quartus_map --read_settings_files=on --write_settings_files=off DE1_SoC -c DE1_SoC
Info (20030): Parallel compilation is enabled and will use 16 of the 32 processors detected
Info (12021): Found 2 design units, including 2 entities, in source file de1_soc.sv
    Info (12023): Found entity 1: DE1_SoC File: D:/EE271/ee271labs/lab5/lab1starterfiles/DE1_SoC.sv Line: 3
    Info (12023): Found entity 2: DE1_SocTestbench File: D:/EE271/ee271labs/lab5/lab1starterfiles/DE1_SoC.sv Line: 72
Info (12021): Found 2 design units, including 2 entities, in source file centerlight.sv
    Info (12023): Found entity 1: centerLight File: D:/EE271/ee271labs/lab5/lab1starterfiles/centerLight.sv Line: 1
    Info (12023): Found entity 2: centerLightTestbench File: D:/EE271/ee271labs/lab5/lab1starterfiles/centerLight.sv Line: 40
Info (12021): Found 2 design units, including 2 entities, in source file normallight.sv
    Info (12023): Found entity 1: normalLight File: D:/EE271/ee271labs/lab5/lab1starterfiles/normalLight.sv Line: 1
    Info (12023): Found entity 2: normalLightTestbench File: D:/EE271/ee271labs/lab5/lab1starterfiles/normalLight.sv Line: 43
Info (12021): Found 2 design units, including 2 entities, in source file victory.sv
    Info (12023): Found entity 1: victory File: D:/EE271/ee271labs/lab5/lab1starterfiles/victory.sv Line: 1
    Info (12023): Found entity 2: victoryTestbench File: D:/EE271/ee271labs/lab5/lab1starterfiles/victory.sv Line: 86
Info (12021): Found 2 design units, including 2 entities, in source file dflipflop2.sv
    Info (12023): Found entity 1: DFlipFlop2 File: D:/EE271/ee271labs/lab5/lab1starterfiles/DFlipFlop2.sv Line: 1
    Info (12023): Found entity 2: DFlipFlop2Testbench File: D:/EE271/ee271labs/lab5/lab1starterfiles/DFlipFlop2.sv Line: 15
Info (12021): Found 2 design units, including 2 entities, in source file player.sv
    Info (12023): Found entity 1: player File: D:/EE271/ee271labs/lab5/lab1starterfiles/player.sv Line: 1
    Info (12023): Found entity 2: playerTestbench File: D:/EE271/ee271labs/lab5/lab1starterfiles/player.sv Line: 25
Info (12021): Found 2 design units, including 2 entities, in source file tenbitlfsr.sv
    Info (12023): Found entity 1: tenBitLFSR File: D:/EE271/ee271labs/lab5/lab1starterfiles/tenBitLFSR.sv Line: 1
    Info (12023): Found entity 2: tenBitLFSRTestbench File: D:/EE271/ee271labs/lab5/lab1starterfiles/tenBitLFSR.sv Line: 16
Info (12021): Found 2 design units, including 2 entities, in source file comparator.sv
    Info (12023): Found entity 1: comparator File: D:/EE271/ee271labs/lab5/lab1starterfiles/comparator.sv Line: 1
    Info (12023): Found entity 2: comparatorTestbench File: D:/EE271/ee271labs/lab5/lab1starterfiles/comparator.sv Line: 18
Info (12021): Found 2 design units, including 2 entities, in source file clock_divider.sv
    Info (12023): Found entity 1: clock_divider File: D:/EE271/ee271labs/lab5/lab1starterfiles/clock_divider.sv Line: 2
    Info (12023): Found entity 2: clock_dividerTestbench File: D:/EE271/ee271labs/lab5/lab1starterfiles/clock_divider.sv Line: 10
Info (12021): Found 2 design units, including 2 entities, in source file computerbutton.sv
    Info (12023): Found entity 1: computerButton File: D:/EE271/ee271labs/lab5/lab1starterfiles/computerButton.sv Line: 1
    Info (12023): Found entity 2: computerButtonTestbench File: D:/EE271/ee271labs/lab5/lab1starterfiles/computerButton.sv Line: 14
Info (12021): Found 2 design units, including 2 entities, in source file fourbitlfsr.sv
    Info (12023): Found entity 1: fourBitLFSR File: D:/EE271/ee271labs/lab5/lab1starterfiles/fourBitLFSR.sv Line: 1
    Info (12023): Found entity 2: fourBitLFSRTestbench File: D:/EE271/ee271labs/lab5/lab1starterfiles/fourBitLFSR.sv Line: 16
Warning (10236): Verilog HDL Implicit Net warning at DE1_SoC.sv(33): created implicit net for "clkSelect" File: D:/EE271/ee271labs/lab5/lab1starterfiles/DE1_SoC.sv Line: 33
Warning (10236): Verilog HDL Implicit Net warning at DE1_SoC.sv(54): created implicit net for "restart" File: D:/EE271/ee271labs/lab5/lab1starterfiles/DE1_SoC.sv Line: 54
Info (12127): Elaborating entity "DE1_SoC" for the top level hierarchy
Info (12128): Elaborating entity "clock_divider" for hierarchy "clock_divider:cdiv" File: D:/EE271/ee271labs/lab5/lab1starterfiles/DE1_SoC.sv Line: 26
Info (12128): Elaborating entity "tenBitLFSR" for hierarchy "tenBitLFSR:generator" File: D:/EE271/ee271labs/lab5/lab1starterfiles/DE1_SoC.sv Line: 38
Info (12128): Elaborating entity "computerButton" for hierarchy "computerButton:comp" File: D:/EE271/ee271labs/lab5/lab1starterfiles/DE1_SoC.sv Line: 42
Info (12128): Elaborating entity "comparator" for hierarchy "computerButton:comp|comparator:computer" File: D:/EE271/ee271labs/lab5/lab1starterfiles/computerButton.sv Line: 12
Info (12128): Elaborating entity "DFlipFlop2" for hierarchy "DFlipFlop2:Button0" File: D:/EE271/ee271labs/lab5/lab1starterfiles/DE1_SoC.sv Line: 45
Warning (10230): Verilog HDL assignment warning at DFlipFlop2.sv(8): truncated value with size 32 to match size of target (1) File: D:/EE271/ee271labs/lab5/lab1starterfiles/DFlipFlop2.sv Line: 8
Warning (10230): Verilog HDL assignment warning at DFlipFlop2.sv(12): truncated value with size 32 to match size of target (1) File: D:/EE271/ee271labs/lab5/lab1starterfiles/DFlipFlop2.sv Line: 12
Info (12128): Elaborating entity "player" for hierarchy "player:human" File: D:/EE271/ee271labs/lab5/lab1starterfiles/DE1_SoC.sv Line: 50
Info (12128): Elaborating entity "normalLight" for hierarchy "normalLight:one" File: D:/EE271/ee271labs/lab5/lab1starterfiles/DE1_SoC.sv Line: 54
Info (12128): Elaborating entity "centerLight" for hierarchy "centerLight:five" File: D:/EE271/ee271labs/lab5/lab1starterfiles/DE1_SoC.sv Line: 60
Info (12128): Elaborating entity "victory" for hierarchy "victory:victor" File: D:/EE271/ee271labs/lab5/lab1starterfiles/DE1_SoC.sv Line: 70
Warning (10230): Verilog HDL assignment warning at victory.sv(49): truncated value with size 32 to match size of target (3) File: D:/EE271/ee271labs/lab5/lab1starterfiles/victory.sv Line: 49
Warning (10230): Verilog HDL assignment warning at victory.sv(55): truncated value with size 32 to match size of target (3) File: D:/EE271/ee271labs/lab5/lab1starterfiles/victory.sv Line: 55
Info (286030): Timing-Driven Synthesis is running
Info (144001): Generated suppressed messages file D:/EE271/ee271labs/lab5/lab1starterfiles/output_files/DE1_SoC.map.smsg
Info (16010): Generating hard_block partition "hard_block:auto_generated_inst"
    Info (16011): Adding 0 node(s), including 0 DDIO, 0 PLL, 0 transceiver and 0 LCELL
Info (21057): Implemented 144 device resources after synthesis - the final resource count might be different
    Info (21058): Implemented 15 input pins
    Info (21059): Implemented 52 output pins
    Info (21061): Implemented 77 logic cells
Info: Quartus Prime Analysis & Synthesis was successful. 0 errors, 6 warnings
    Info: Peak virtual memory: 4866 megabytes
    Info: Processing ended: Fri Feb 23 19:18:44 2024
    Info: Elapsed time: 00:00:07
    Info: Total CPU time (on all processors): 00:00:05


+------------------------------------------+
; Analysis & Synthesis Suppressed Messages ;
+------------------------------------------+
The suppressed messages can be found in D:/EE271/ee271labs/lab5/lab1starterfiles/output_files/DE1_SoC.map.smsg.


